2022-02-19 18:04:51.443 INFO  connected to the mongodb 
2022-02-20 11:27:05.370 INFO  connected to the mongodb 
2022-02-20 11:29:13.034 INFO  connected to the mongodb 
2022-02-20 11:31:36.513 INFO  searched for all the doctors 
2022-02-20 11:36:34.943 INFO  connected to the mongodb 
2022-02-20 11:39:50.238 INFO  connected to the mongodb 
2022-02-20 11:39:56.077 INFO  connected to the mongodb 
2022-02-20 11:40:02.814 INFO  connected to the mongodb 
2022-02-20 11:40:18.903 INFO  connected to the mongodb 
2022-02-20 11:40:24.694 INFO  connected to the mongodb 
2022-02-20 11:40:48.110 INFO  connected to the mongodb 
2022-02-20 11:40:53.847 INFO  connected to the mongodb 
2022-02-20 11:41:05.010 INFO  connected to the mongodb 
2022-02-20 11:41:12.626 INFO  connected to the mongodb 
2022-02-20 11:41:28.372 INFO  connected to the mongodb 
2022-02-20 11:41:34.204 INFO  connected to the mongodb 
2022-02-20 11:41:50.404 INFO  connected to the mongodb 
2022-02-20 11:42:09.012 INFO  connected to the mongodb 
2022-02-20 11:42:23.019 INFO  connected to the mongodb 
2022-02-20 11:42:30.339 INFO  connected to the mongodb 
2022-02-20 11:42:41.543 INFO  connected to the mongodb 
2022-02-20 11:42:43.882 INFO  connected to the mongodb 
2022-02-20 11:42:50.921 INFO  connected to the mongodb 
2022-02-20 11:42:59.162 INFO  connected to the mongodb 
2022-02-20 11:43:06.655 INFO  connected to the mongodb 
2022-02-20 11:43:08.849 INFO  connected to the mongodb 
2022-02-20 11:43:23.633 INFO  searched a doctors by its speciality 
2022-02-20 11:44:13.329 INFO  searched a doctors by its speciality 
2022-02-20 11:44:17.703 INFO  searched a doctors by its speciality 
2022-02-20 11:45:41.734 INFO  searched a doctors by its speciality 
2022-02-20 11:50:27.244 INFO  connected to the mongodb 
2022-02-20 11:50:58.670 INFO  searched for all the doctors 
2022-02-20 11:51:14.457 INFO  searched for all the doctors 
2022-02-20 11:58:52.911 INFO  connected to the mongodb 
2022-02-20 11:58:54.021 INFO  connected to the mongodb 
2022-02-20 12:02:09.265 INFO  searched a doctors by its speciality 
2022-02-20 12:02:17.576 INFO  searched a doctors by its speciality 
2022-02-20 12:04:33.623 INFO  searched a doctors by its speciality 
2022-02-20 12:04:41.105 INFO  searched a doctors by its speciality 
2022-02-20 12:04:55.355 INFO  searched a doctors by its speciality 
2022-02-20 12:05:00.051 INFO  searched a doctors by its speciality 
2022-02-20 12:05:07.490 INFO  searched a doctors by its speciality 
2022-02-20 12:05:26.923 INFO  searched a doctors by its speciality 
2022-02-20 12:05:30.268 INFO  searched a doctors by its speciality 
2022-02-20 12:05:49.304 INFO  searched a doctors by its speciality 
2022-02-20 12:06:10.077 INFO  searched a doctors by its speciality 
2022-02-20 12:06:14.684 INFO  searched a doctors by its speciality 
2022-02-20 12:10:08.997 INFO  searched a doctors by its speciality 
2022-02-20 12:10:16.905 INFO  searched a doctors by its speciality 
2022-02-20 12:12:26.213 INFO  searched a doctors by its speciality 
2022-02-20 12:13:21.725 INFO  searched a doctors by its speciality 
2022-02-20 12:19:02.255 INFO  searched a doctors by its speciality 
2022-02-20 12:21:34.166 INFO  searched a doctors by its speciality 
2022-02-20 12:21:38.223 INFO  searched a doctors by its speciality 
2022-02-20 12:26:58.881 INFO  a new doctor is added to the database 
2022-02-20 12:27:44.299 INFO  searched for all the doctors 
2022-02-20 12:27:56.874 INFO  searched a doctors by its speciality 
2022-02-20 12:28:03.201 INFO  searched a doctors by its speciality 
2022-02-20 12:28:04.784 INFO  searched a doctors by its speciality 
2022-02-20 12:28:09.725 INFO  searched a doctors by its speciality 
2022-02-20 12:28:17.573 INFO  searched a doctors by its speciality 
2022-02-20 12:28:22.152 INFO  searched a doctors by its speciality 
2022-02-20 12:28:25.895 INFO  searched a doctors by its speciality 
2022-02-20 12:28:56.461 INFO  searched a doctors by its speciality 
2022-02-20 12:28:57.724 INFO  searched a doctors by its speciality 
2022-02-20 12:29:01.719 INFO  searched a doctors by its speciality 
2022-02-20 12:29:17.373 INFO  searched a doctors by its speciality 
2022-02-20 12:29:24.200 INFO  searched a doctors by its speciality 
2022-02-20 12:29:35.494 INFO  searched a doctors by its speciality 
2022-02-20 12:29:37.253 INFO  searched a doctors by its speciality 
2022-02-20 12:30:43.900 INFO  doctor info is updated 
2022-02-20 12:30:50.171 INFO  searched for all the doctors 
2022-02-20 12:31:01.774 INFO  searched a doctors by its speciality 
2022-02-20 12:31:12.980 INFO  searched a doctors by its speciality 
2022-02-20 12:31:58.447 INFO  a new doctor is added to the database 
2022-02-20 12:32:14.968 INFO  searched for all the doctors 
2022-02-20 12:32:25.422 INFO  searched a doctors by its speciality 
2022-02-20 12:33:52.585 INFO  a new doctor is added to the database 
2022-02-20 12:34:05.999 INFO  searched a doctors by its speciality 
2022-02-20 12:34:09.782 INFO  searched a doctors by its speciality 
2022-02-20 12:34:13.236 INFO  searched a doctors by its speciality 
2022-02-20 12:34:16.771 INFO  searched a doctors by its speciality 
2022-02-20 12:34:20.382 INFO  searched a doctors by its speciality 
2022-02-20 12:34:24.337 INFO  searched a doctors by its speciality 
2022-02-20 12:34:28.186 INFO  searched a doctors by its speciality 
2022-02-20 12:34:38.166 INFO  searched a doctors by its speciality 
2022-02-20 12:35:23.901 INFO  connected to the mongodb 
2022-02-20 12:35:30.136 INFO  connected to the mongodb 
2022-02-20 12:59:24.616 INFO  connected to the mongodb 
2022-02-20 12:59:53.558 INFO  searched for all the doctors 
2022-02-20 13:00:43.672 INFO  searched a doctors by its speciality 
2022-02-20 13:00:48.362 INFO  searched a doctors by its speciality 
2022-02-20 13:01:44.403 INFO  searched a doctors by its speciality 
2022-02-20 13:02:52.865 INFO  searched a doctors by its speciality 
2022-02-20 13:31:46.082 INFO  searched a doctors by its speciality 
2022-02-20 13:31:54.317 INFO  searched a doctors by its speciality 
2022-02-20 13:33:22.283 INFO  a new doctor is added to the database 
2022-02-20 13:34:36.154 INFO  searched a doctors by its speciality 
2022-02-20 14:43:17.994 INFO  searched a doctors by its speciality 
2022-02-20 14:43:22.039 INFO  searched a doctors by its speciality 
2022-02-20 14:57:10.476 INFO  connected to the mongodb 
2022-02-20 14:57:17.767 INFO  searched a doctors by its speciality 
2022-02-20 14:57:23.287 INFO  searched a doctors by its speciality 
2022-02-20 14:59:15.410 INFO  searched a doctors by its speciality 
2022-02-20 14:59:24.998 INFO  searched a doctors by its speciality 
2022-02-20 15:01:36.446 INFO  searched a doctors by its speciality 
2022-02-20 15:04:16.402 INFO  searched a doctors by its speciality 
2022-02-20 15:10:13.253 INFO  searched a doctors by its speciality 
2022-02-20 15:27:32.173 INFO  searched a doctors by its speciality 
2022-02-20 16:11:31.522 INFO  searched a doctors by its speciality 
2022-02-20 16:11:39.191 INFO  searched a doctors by its speciality 
2022-02-20 16:11:49.222 INFO  searched a doctors by its speciality 
2022-02-20 16:23:07.822 INFO  searched a doctors by its speciality 
2022-02-20 16:23:12.348 INFO  searched a doctors by its speciality 
2022-02-20 16:23:16.988 INFO  searched a doctors by its speciality 
2022-02-20 16:56:41.188 INFO  searched a doctors by its speciality 
2022-02-20 16:56:52.974 INFO  searched a doctors by its speciality 
2022-02-20 17:18:34.298 INFO  connected to the mongodb 
2022-02-20 17:20:39.893 INFO  searched a doctors by its speciality 
2022-02-20 17:20:46.677 INFO  searched a doctors by its speciality 
2022-02-20 17:35:16.241 INFO  searched a doctors by its speciality 
2022-02-20 17:35:34.995 INFO  searched a doctors by its speciality 
2022-02-20 17:36:44.444 INFO  searched for all the doctors 
2022-02-20 17:37:11.656 INFO  searched a doctors by its speciality 
2022-02-20 17:37:20.920 INFO  searched a doctors by its speciality 
2022-02-20 17:37:43.004 INFO  searched a doctors by its speciality 
2022-02-20 17:37:47.190 INFO  searched a doctors by its speciality 
2022-02-20 17:37:52.428 INFO  searched a doctors by its speciality 
2022-02-20 17:42:47.795 INFO  searched a doctors by its speciality 
2022-02-20 17:42:53.709 INFO  searched a doctors by its speciality 
2022-02-20 17:43:17.527 INFO  searched a doctors by its speciality 
2022-02-20 17:43:26.207 INFO  searched a doctors by its speciality 
2022-02-21 08:48:28.087 INFO  connected to the mongodb 
2022-02-21 08:58:58.151 INFO  searched a doctors by its speciality 
2022-02-21 08:59:42.668 INFO  connected to the mongodb 
2022-02-21 09:07:46.080 INFO  connected to the mongodb 
2022-02-21 09:29:15.664 INFO  searched a doctors by its speciality 
2022-02-21 09:29:29.641 INFO  searched a doctors by its speciality 
2022-02-21 09:29:37.214 INFO  searched a doctors by its speciality 
2022-02-21 09:29:49.310 INFO  searched a doctors by its speciality 
2022-02-21 09:29:54.958 INFO  searched a doctors by its speciality 
2022-02-21 09:42:27.271 INFO  searched a doctors by its speciality 
2022-02-21 09:44:55.709 INFO  searched a doctors by its speciality 
2022-02-21 11:12:28.874 INFO  searched a doctors by its speciality 
2022-02-21 11:12:45.212 INFO  searched a doctors by its speciality 
2022-02-21 11:24:38.750 INFO  searched a doctors by its speciality 
2022-02-21 12:04:41.132 INFO  searched a doctors by its speciality 
2022-02-21 12:04:55.517 INFO  searched a doctors by its speciality 
2022-02-21 12:05:04.039 INFO  searched a doctors by its speciality 
2022-02-21 12:05:10.874 INFO  searched a doctors by its speciality 
2022-02-21 12:23:48.437 INFO  searched a doctors by its speciality 
2022-02-21 12:23:54.066 INFO  searched a doctors by its speciality 
2022-02-21 12:40:24.202 INFO  searched a doctors by its speciality 
2022-02-21 12:55:06.020 INFO  searched a doctors by its speciality 
2022-02-21 13:56:31.193 INFO  searched a doctors by its speciality 
2022-02-21 13:56:56.936 INFO  searched a doctors by its speciality 
2022-02-21 14:05:56.186 INFO  searched a doctors by its speciality 
2022-02-21 14:06:04.019 INFO  searched a doctors by its speciality 
2022-02-21 14:07:54.391 INFO  connected to the mongodb 
2022-02-21 14:08:06.194 INFO  connected to the mongodb 
2022-02-21 14:08:27.464 INFO  connected to the mongodb 
2022-02-21 14:08:31.825 INFO  connected to the mongodb 
2022-02-21 14:08:44.312 INFO  connected to the mongodb 
2022-02-21 14:12:46.858 INFO  searched a doctors by its speciality 
2022-02-21 14:13:18.500 INFO  searched a doctors by its speciality 
2022-02-21 14:15:49.092 INFO  searched a doctors by its speciality 
2022-02-21 14:16:47.820 INFO  searched a doctors by its speciality 
2022-02-21 14:17:41.315 INFO  searched a doctors by its speciality 
2022-02-21 14:23:30.583 INFO  searched a doctors by its speciality 
2022-02-21 14:23:40.804 INFO  doctor deleted by its name 
2022-02-21 14:24:15.908 INFO  searched a doctors by its speciality 
2022-02-21 14:29:40.178 INFO  searched a doctors by its speciality 
2022-02-21 14:29:45.731 INFO  searched a doctors by its speciality 
2022-02-21 14:29:54.935 INFO  doctor deleted by its name 
2022-02-21 14:33:38.758 INFO  searched a doctors by its speciality 
2022-02-21 14:33:41.403 INFO  doctor deleted by its name 
2022-02-21 15:24:49.416 INFO  connected to the mongodb 
2022-02-21 15:24:52.347 INFO  connected to the mongodb 
2022-02-21 15:24:53.627 INFO  connected to the mongodb 
2022-02-21 15:24:55.335 INFO  connected to the mongodb 
2022-02-21 15:24:57.878 INFO  connected to the mongodb 
2022-02-21 15:25:06.490 INFO  connected to the mongodb 
2022-02-21 15:25:32.845 INFO  connected to the mongodb 
2022-02-21 15:25:38.159 INFO  connected to the mongodb 
2022-02-21 15:30:01.073 INFO  a new doctor is added to the database 
2022-02-21 15:30:49.091 INFO  searched a doctors by its speciality 
2022-02-21 15:30:56.931 INFO  doctor deleted by its name 
2022-02-21 15:31:11.257 INFO  searched a doctors by its speciality 
2022-02-21 15:31:17.436 INFO  searched a doctors by its speciality 
2022-02-21 15:31:27.132 INFO  searched a doctors by its speciality 
2022-02-21 15:31:39.988 INFO  doctor deleted by its name 
2022-02-21 15:31:44.618 INFO  searched a doctors by its speciality 
2022-02-21 15:35:35.271 INFO  a new doctor is added to the database 
2022-02-21 15:36:49.199 INFO  searched a doctors by its speciality 
2022-02-21 15:36:52.790 INFO  searched a doctors by its speciality 
2022-02-21 15:37:09.759 INFO  doctor deleted by its name 
2022-02-21 15:49:22.792 INFO  searched for all the doctors 
2022-02-21 15:49:45.438 INFO  searched a doctors by its speciality 
2022-02-21 15:49:50.465 INFO  searched a doctors by its speciality 
2022-02-21 15:50:19.882 INFO  searched a doctors by its speciality 
2022-02-21 15:50:28.330 INFO  searched a doctors by its speciality 
2022-02-21 15:50:33.373 INFO  searched a doctors by its speciality 
2022-02-21 15:50:38.760 INFO  searched a doctors by its speciality 
2022-02-21 15:50:50.242 INFO  doctor deleted by its name 
2022-02-21 15:50:53.099 INFO  searched a doctors by its speciality 
2022-02-21 15:52:45.455 INFO  searched for all the doctors 
2022-02-21 15:54:23.018 INFO  a new doctor is added to the database 
2022-02-21 15:54:41.254 INFO  searched for all the doctors 
2022-02-21 16:50:08.631 INFO  a new doctor is added to the database 
2022-02-21 16:50:32.968 INFO  searched a doctors by its speciality 
2022-02-21 16:53:11.276 INFO  searched for all the doctors 
2022-02-21 17:17:05.150 INFO  a new doctor is added to the database 
2022-02-21 17:17:16.414 INFO  searched a doctors by its speciality 
2022-02-21 17:35:04.031 INFO  a new doctor is added to the database 
2022-02-21 17:35:31.637 INFO  a new doctor is added to the database 
2022-02-21 17:35:54.923 INFO  a new doctor is added to the database 
2022-02-21 17:36:23.015 INFO  a new doctor is added to the database 
2022-02-21 17:36:56.487 INFO  a new doctor is added to the database 
2022-02-21 17:37:17.165 INFO  a new doctor is added to the database 
2022-02-21 17:37:34.123 INFO  a new doctor is added to the database 
2022-02-21 17:37:58.835 INFO  a new doctor is added to the database 
2022-02-21 17:38:26.310 INFO  a new doctor is added to the database 
2022-02-21 17:38:48.509 INFO  a new doctor is added to the database 
2022-02-21 17:39:15.191 INFO  a new doctor is added to the database 
2022-02-21 17:39:45.514 INFO  a new doctor is added to the database 
2022-02-21 17:40:15.711 INFO  a new doctor is added to the database 
2022-02-21 17:40:27.001 INFO  searched for all the doctors 
2022-02-21 17:40:43.853 INFO  searched a doctors by its speciality 
2022-02-21 17:40:50.836 INFO  searched a doctors by its speciality 
2022-02-21 17:40:56.154 INFO  searched a doctors by its speciality 
2022-02-21 17:41:03.394 INFO  searched a doctors by its speciality 
2022-02-21 17:41:13.078 INFO  searched a doctors by its speciality 
2022-02-21 17:41:19.239 INFO  searched a doctors by its speciality 
2022-02-21 17:41:24.451 INFO  searched a doctors by its speciality 
2022-02-21 17:41:28.792 INFO  doctor deleted by its name 
2022-02-21 17:41:31.715 INFO  searched a doctors by its speciality 
2022-02-21 17:41:36.402 INFO  searched a doctors by its speciality 
2022-02-21 17:41:56.148 INFO  searched a doctors by its speciality 
2022-02-21 17:42:00.500 INFO  searched a doctors by its speciality 
2022-02-21 17:43:16.881 INFO  a new doctor is added to the database 
2022-02-21 17:43:44.021 INFO  a new doctor is added to the database 
2022-02-21 17:43:58.366 INFO  searched a doctors by its speciality 
2022-02-21 17:44:03.050 INFO  searched a doctors by its speciality 
2022-02-21 17:44:21.084 INFO  searched a doctors by its speciality 
2022-02-22 08:15:40.122 INFO  connected to the mongodb 
2022-02-22 08:31:43.628 INFO  searched a doctors by its speciality 
2022-02-22 08:31:53.347 INFO  searched a doctors by its speciality 
2022-02-22 08:32:01.243 INFO  searched a doctors by its speciality 
2022-02-22 09:49:02.622 INFO  searched a doctors by its speciality 
2022-02-22 09:49:20.428 INFO  searched a doctors by its speciality 
2022-02-22 09:49:28.399 INFO  searched a doctors by its speciality 
2022-02-22 09:51:30.240 INFO  searched a doctors by its speciality 
2022-02-22 09:52:17.442 INFO  searched a doctors by its speciality 
2022-02-22 09:54:39.914 INFO  searched a doctors by its speciality 
2022-02-22 09:56:40.808 INFO  searched a doctors by its speciality 
2022-02-22 10:11:00.218 INFO  connected to the mongodb 
2022-02-22 10:24:46.060 INFO  searched a doctors by its speciality 
2022-02-22 10:29:35.725 INFO  searched a doctors by its speciality 
2022-02-22 10:41:06.408 INFO  searched a doctors by its speciality 
2022-02-22 11:19:07.499 INFO  searched a doctors by its speciality 
2022-02-22 11:19:44.495 INFO  searched a doctors by its speciality 
2022-02-22 11:59:21.821 INFO  searched a doctors by its speciality 
2022-02-22 13:56:58.639 INFO  a new doctor is added to the database 
2022-02-22 13:57:11.448 INFO  searched a doctors by its speciality 
2022-02-22 13:58:36.107 INFO  searched a doctors by its speciality 
2022-02-22 14:20:54.293 INFO  searched a doctors by its speciality 
2022-02-22 14:22:47.500 INFO  searched a doctors by its speciality 
2022-02-22 14:23:46.361 INFO  searched a doctors by its speciality 
2022-02-22 14:26:18.604 INFO  searched a doctors by its speciality 
2022-02-22 14:26:36.948 INFO  searched a doctors by its speciality 
2022-02-22 14:28:02.218 INFO  searched a doctors by its speciality 
2022-02-22 14:28:38.963 INFO  searched a doctors by its speciality 
2022-02-22 14:32:16.241 INFO  searched a doctors by its speciality 
2022-02-22 14:36:12.086 INFO  searched a doctors by its speciality 
2022-02-22 14:36:23.008 INFO  doctor deleted by its name 
2022-02-22 14:36:27.252 INFO  searched a doctors by its speciality 
2022-02-22 14:37:23.323 INFO  a new doctor is added to the database 
2022-02-22 14:37:40.723 INFO  searched a doctors by its speciality 
2022-02-22 14:46:23.846 INFO  searched a doctors by its speciality 
2022-02-22 14:46:54.854 INFO  searched a doctors by its speciality 
2022-02-22 14:46:59.595 INFO  searched a doctors by its speciality 
2022-02-22 15:08:46.674 INFO  searched a doctors by its speciality 
2022-02-22 15:09:01.948 INFO  searched a doctors by its speciality 
2022-02-22 15:09:06.724 INFO  searched a doctors by its speciality 
2022-02-22 15:09:10.869 INFO  searched a doctors by its speciality 
2022-02-22 15:17:11.678 INFO  searched a doctors by its speciality 
2022-02-22 15:20:46.992 INFO  searched a doctors by its speciality 
2022-02-22 15:26:54.583 INFO  searched a doctors by its speciality 
2022-02-22 15:27:20.661 INFO  doctor info is updated 
2022-02-22 15:27:55.673 INFO  searched a doctors by its speciality 
2022-02-22 15:31:22.664 INFO  connected to the mongodb 
2022-02-22 15:31:26.931 INFO  connected to the mongodb 
2022-02-22 15:31:32.626 INFO  connected to the mongodb 
2022-02-22 15:31:33.824 INFO  connected to the mongodb 
2022-02-22 15:31:37.036 INFO  connected to the mongodb 
2022-02-22 15:31:52.294 INFO  connected to the mongodb 
2022-02-22 15:32:01.278 INFO  connected to the mongodb 
2022-02-22 15:32:07.891 INFO  connected to the mongodb 
2022-02-22 15:32:09.754 INFO  connected to the mongodb 
2022-02-22 15:32:19.222 INFO  connected to the mongodb 
2022-02-22 15:32:21.567 INFO  connected to the mongodb 
2022-02-22 15:32:32.881 INFO  connected to the mongodb 
2022-02-22 15:32:35.504 INFO  connected to the mongodb 
2022-02-22 15:33:21.674 INFO  connected to the mongodb 
2022-02-22 15:33:27.001 INFO  connected to the mongodb 
2022-02-22 15:33:32.562 INFO  connected to the mongodb 
2022-02-22 15:33:49.074 INFO  connected to the mongodb 
2022-02-22 15:33:53.836 INFO  connected to the mongodb 
2022-02-22 15:33:56.655 INFO  connected to the mongodb 
2022-02-22 15:34:01.802 INFO  connected to the mongodb 
2022-02-22 15:34:05.706 INFO  connected to the mongodb 
2022-02-22 15:34:10.575 INFO  connected to the mongodb 
2022-02-22 15:34:11.865 INFO  connected to the mongodb 
2022-02-22 15:34:21.040 INFO  connected to the mongodb 
2022-02-22 15:34:28.559 INFO  connected to the mongodb 
2022-02-22 15:34:36.942 INFO  connected to the mongodb 
2022-02-22 15:47:59.560 INFO  connected to the mongodb 
2022-02-22 16:38:07.080 INFO  connected to the mongodb 
2022-02-22 16:39:15.749 INFO  connected to the mongodb 
2022-02-22 16:39:24.006 INFO  connected to the mongodb 
2022-02-22 16:39:26.243 INFO  connected to the mongodb 
2022-02-22 16:39:32.528 INFO  connected to the mongodb 
2022-02-22 16:39:50.214 INFO  connected to the mongodb 
2022-02-22 16:40:01.434 INFO  connected to the mongodb 
2022-02-22 16:40:07.218 INFO  connected to the mongodb 
2022-02-22 16:40:12.096 INFO  connected to the mongodb 
2022-02-22 16:40:23.228 INFO  connected to the mongodb 
2022-02-22 16:40:29.881 INFO  connected to the mongodb 
2022-02-22 16:41:10.755 INFO  connected to the mongodb 
2022-02-22 16:41:21.497 INFO  connected to the mongodb 
2022-02-22 16:41:32.546 INFO  connected to the mongodb 
2022-02-22 16:42:05.394 INFO  connected to the mongodb 
2022-02-22 16:42:15.006 INFO  connected to the mongodb 
2022-02-22 16:42:23.260 INFO  connected to the mongodb 
2022-02-22 16:42:30.796 INFO  connected to the mongodb 
2022-02-22 16:42:51.293 INFO  connected to the mongodb 
2022-02-22 16:42:54.411 INFO  connected to the mongodb 
2022-02-22 16:43:13.427 INFO  connected to the mongodb 
2022-02-22 16:43:14.798 INFO  connected to the mongodb 
2022-02-22 16:43:16.239 INFO  connected to the mongodb 
2022-02-22 16:43:18.887 INFO  connected to the mongodb 
2022-02-22 16:43:21.846 INFO  connected to the mongodb 
2022-02-22 16:43:23.176 INFO  connected to the mongodb 
2022-02-22 16:43:29.484 INFO  connected to the mongodb 
2022-02-22 16:43:34.753 INFO  connected to the mongodb 
2022-02-22 16:43:47.380 INFO  connected to the mongodb 
2022-02-22 16:43:54.986 INFO  connected to the mongodb 
2022-02-22 16:43:56.760 INFO  connected to the mongodb 
2022-02-22 16:44:04.846 INFO  connected to the mongodb 
2022-02-22 16:44:13.858 INFO  connected to the mongodb 
2022-02-22 16:44:17.791 INFO  connected to the mongodb 
2022-02-22 16:44:54.041 INFO  connected to the mongodb 
2022-02-22 16:45:03.274 INFO  connected to the mongodb 
2022-02-22 16:45:44.117 INFO  connected to the mongodb 
2022-02-22 16:45:45.152 INFO  connected to the mongodb 
2022-02-22 16:45:56.234 INFO  connected to the mongodb 
2022-02-22 16:46:00.711 INFO  connected to the mongodb 
2022-02-22 16:46:08.166 INFO  connected to the mongodb 
2022-02-22 16:46:21.184 INFO  connected to the mongodb 
2022-02-22 16:46:26.195 INFO  connected to the mongodb 
2022-02-22 16:48:24.634 INFO  connected to the mongodb 
2022-02-22 16:48:28.789 INFO  connected to the mongodb 
2022-02-22 16:48:34.969 INFO  connected to the mongodb 
2022-02-22 16:48:50.256 INFO  connected to the mongodb 
2022-02-22 16:48:55.544 INFO  connected to the mongodb 
2022-02-22 16:48:58.744 INFO  connected to the mongodb 
2022-02-22 16:49:03.914 INFO  connected to the mongodb 
2022-02-22 16:50:27.397 INFO  searched for all the doctors 
2022-02-22 16:53:26.992 INFO  obtain request for searching a doctor by its name Jayant Sahu 
2022-02-22 16:55:24.242 INFO  obtain request for searching a doctor by its speciality Dietician 
2022-02-22 16:56:28.257 INFO  obtain request for adding a doctor Lohri Athisii 
2022-02-22 16:56:28.273 INFO  a new doctor is added to the database with ID 6214c864050c211bfd405ebe 
2022-02-22 16:58:05.263 INFO  searched for all the doctors 
2022-02-22 16:59:35.070 INFO  obtain request for searching a doctor by its speciality Gastroentrologist 
2022-02-22 17:01:24.084 INFO  obtain request for deleting a doctor by its ID 6214c864050c211bfd405ebe 
2022-02-22 17:01:24.092 INFO  one doctor deleted 
2022-02-22 17:01:24.093 INFO  one doctor is deleted to the database with ID 6214c864050c211bfd405ebe 
2022-02-22 17:01:24.093 INFO  doctor deleted by its ID 
2022-02-22 17:01:35.856 INFO  obtain request for searching a doctor by its speciality Gastroentrologist 
2022-02-22 17:10:34.230 INFO  connected to the mongodb 
2022-02-22 17:15:37.412 INFO  obtain request for deleting a doctor by its ID [object Object] 
2022-02-22 17:15:37.429 INFO  doctor info is updated 
2022-02-22 17:15:37.432 INFO  one doctor info is updated to the database with ID 6214a7cbe2827ffc38e7101b 
2022-02-22 17:16:44.399 INFO  obtain request for searching a doctor by its speciality Opthalmologist 
2022-02-23 08:51:46.021 INFO  connected to the mongodb 
2022-02-23 08:58:50.958 INFO  obtain request for searching a doctor by its speciality Dietician 
2022-02-23 08:58:59.930 INFO  obtain request for deleting a doctor 201 
2022-02-23 08:58:59.951 INFO  one doctor deleted 
2022-02-23 08:58:59.952 INFO  doctor deleted by its name 
2022-02-23 08:59:02.447 INFO  obtain request for deleting a doctor 656 
2022-02-23 08:59:02.451 INFO  one doctor deleted 
2022-02-23 08:59:02.452 INFO  doctor deleted by its name 
2022-02-23 08:59:05.412 INFO  obtain request for searching a doctor by its speciality Dietician 
2022-02-23 08:59:15.568 INFO  obtain request for searching a doctor by its speciality Dietician 
2022-02-23 09:30:05.270 INFO  connected to the mongodb 
2022-02-23 09:42:49.754 INFO  obtain request for searching a doctor by its speciality Dietician 
2022-02-23 09:58:02.912 INFO  obtain request for searching a doctor by its speciality Dietician 
2022-02-23 09:58:07.329 INFO  obtain request for deleting a doctor 777 
2022-02-23 09:58:07.339 INFO  one doctor deleted 
2022-02-23 09:58:07.340 INFO  doctor deleted by its name 
2022-02-23 09:58:09.803 INFO  obtain request for searching a doctor by its speciality Dietician 
2022-02-23 10:04:02.119 INFO  connected to the mongodb 
2022-02-23 10:04:10.684 INFO  connected to the mongodb 
2022-02-23 10:04:23.610 INFO  connected to the mongodb 
2022-02-23 10:04:38.638 INFO  connected to the mongodb 
2022-02-23 10:05:29.598 INFO  connected to the mongodb 
2022-02-23 10:05:40.440 INFO  connected to the mongodb 
2022-02-23 10:06:07.366 INFO  connected to the mongodb 
2022-02-23 10:06:50.583 INFO  connected to the mongodb 
2022-02-23 10:06:51.838 INFO  connected to the mongodb 
2022-02-23 10:08:43.283 INFO  connected to the mongodb 
2022-02-23 10:10:49.741 INFO  connected to the mongodb 
2022-02-23 10:11:18.692 INFO  connected to the mongodb 
2022-02-23 10:11:21.438 INFO  connected to the mongodb 
2022-02-23 10:11:24.490 INFO  connected to the mongodb 
2022-02-23 10:11:28.845 INFO  connected to the mongodb 
2022-02-23 10:11:30.565 INFO  connected to the mongodb 
2022-02-23 10:11:33.786 INFO  connected to the mongodb 
2022-02-23 10:11:38.017 INFO  connected to the mongodb 
2022-02-23 10:11:43.018 INFO  connected to the mongodb 
2022-02-23 10:11:46.056 INFO  connected to the mongodb 
2022-02-23 10:25:54.980 INFO  connected to the mongodb 
2022-02-23 10:26:35.708 INFO  connected to the mongodb 
2022-02-23 10:29:32.996 INFO  obtain request for searching a doctor by its speciality Dietician 
2022-02-23 10:30:04.100 INFO  obtain request for adding a doctor Suhana Farishta 
2022-02-23 10:30:04.118 INFO  a new doctor is added to the database with ID 6215bf5433a4d9204e918a12 
2022-02-23 10:30:36.421 INFO  obtain request for adding a doctor Sarfaraz Ahmed 
2022-02-23 10:30:36.427 INFO  a new doctor is added to the database with ID 6215bf7433a4d9204e918a14 
2022-02-23 10:30:46.995 INFO  obtain request for searching a doctor by its speciality Dietician 
2022-02-23 11:04:32.364 INFO  connected to the mongodb 
2022-02-23 11:04:41.152 INFO  obtain request for searching a doctor by its speciality Paediatrician 
2022-02-23 11:04:47.760 INFO  obtain request for searching a doctor by its speciality Dietician 
2022-02-23 11:07:44.029 INFO  obtain request for searching a doctor by its speciality Opthalmologist 
2022-02-23 11:09:14.907 INFO  obtain request for searching a doctor by its speciality Dietician 
2022-02-23 11:16:49.533 INFO  obtain request for searching a doctor by its speciality Dietician 
2022-02-23 14:11:07.920 INFO  searched for all the doctors 
2022-02-23 14:31:05.252 INFO  obtain request for adding a doctor Jonitha gandhi 
2022-02-23 14:31:05.376 INFO  a new doctor is added to the database with ID 6215f7d112affe74cb4f3db5 
2022-02-23 14:31:21.363 INFO  obtain request for searching a doctor by its speciality Diabetologist 
2022-02-23 14:31:57.237 INFO  searched for all the doctors 
2022-02-23 14:32:31.539 INFO  obtain request for searching a doctor by its name Jonitha Gandhi 
2022-02-23 14:33:06.653 INFO  obtain request for searching a doctor by its name Jayant Sahu 
2022-02-23 14:33:27.213 INFO  obtain request for searching a doctor by its name Jonitha gandhi 
2022-02-23 15:28:24.352 INFO  obtain request for adding a doctor Athisii 
2022-02-23 15:28:24.368 INFO  a new doctor is added to the database with ID 6216054012affe74cb4f3dbc 
2022-02-23 15:33:07.649 INFO  connected to the mongodb 
2022-02-23 15:33:28.515 INFO  obtain request for searching a doctor by its speciality Dietician 
2022-02-23 15:33:32.088 INFO  obtain request for searching a doctor by its speciality Orthodontist 
2022-02-23 15:34:00.895 INFO  obtain request for adding a doctor Jayant Kumar Sahu 
2022-02-23 15:34:00.943 ERROR E11000 duplicate key error collection: clinicdb.doctors index: doctorNumber_1 dup key: { doctorNumber: 525 }
{"index":0,"code":11000,"keyPattern":{"doctorNumber":1},"keyValue":{"doctorNumber":525}}
MongoServerError: E11000 duplicate key error collection: clinicdb.doctors index: doctorNumber_1 dup key: { doctorNumber: 525 }
    at D:\Collabera_training\JayantSahu_Capstone\collaberaCapstone_Jayant\clinicManagementNodeApp\node_modules\mongodb\lib\operations\insert.js:51:33
    at D:\Collabera_training\JayantSahu_Capstone\collaberaCapstone_Jayant\clinicManagementNodeApp\node_modules\mongodb\lib\cmap\connection_pool.js:273:25
    at handleOperationResult (D:\Collabera_training\JayantSahu_Capstone\collaberaCapstone_Jayant\clinicManagementNodeApp\node_modules\mongodb\lib\sdam\server.js:363:9)
    at MessageStream.messageHandler (D:\Collabera_training\JayantSahu_Capstone\collaberaCapstone_Jayant\clinicManagementNodeApp\node_modules\mongodb\lib\cmap\connection.js:474:9)
    at MessageStream.emit (node:events:390:28)
    at processIncomingData (D:\Collabera_training\JayantSahu_Capstone\collaberaCapstone_Jayant\clinicManagementNodeApp\node_modules\mongodb\lib\cmap\message_stream.js:108:16)
    at MessageStream._write (D:\Collabera_training\JayantSahu_Capstone\collaberaCapstone_Jayant\clinicManagementNodeApp\node_modules\mongodb\lib\cmap\message_stream.js:28:9)
    at writeOrBuffer (node:internal/streams/writable:389:12)
    at _write (node:internal/streams/writable:330:10)
    at MessageStream.Writable.write (node:internal/streams/writable:334:10) 
2022-02-23 15:34:30.188 INFO  obtain request for adding a doctor Jayant Kumar Sahu 
2022-02-23 15:34:30.193 ERROR E11000 duplicate key error collection: clinicdb.doctors index: doctorNumber_1 dup key: { doctorNumber: 525 }
{"index":0,"code":11000,"keyPattern":{"doctorNumber":1},"keyValue":{"doctorNumber":525}}
MongoServerError: E11000 duplicate key error collection: clinicdb.doctors index: doctorNumber_1 dup key: { doctorNumber: 525 }
    at D:\Collabera_training\JayantSahu_Capstone\collaberaCapstone_Jayant\clinicManagementNodeApp\node_modules\mongodb\lib\operations\insert.js:51:33
    at D:\Collabera_training\JayantSahu_Capstone\collaberaCapstone_Jayant\clinicManagementNodeApp\node_modules\mongodb\lib\cmap\connection_pool.js:273:25
    at handleOperationResult (D:\Collabera_training\JayantSahu_Capstone\collaberaCapstone_Jayant\clinicManagementNodeApp\node_modules\mongodb\lib\sdam\server.js:363:9)
    at MessageStream.messageHandler (D:\Collabera_training\JayantSahu_Capstone\collaberaCapstone_Jayant\clinicManagementNodeApp\node_modules\mongodb\lib\cmap\connection.js:474:9)
    at MessageStream.emit (node:events:390:28)
    at processIncomingData (D:\Collabera_training\JayantSahu_Capstone\collaberaCapstone_Jayant\clinicManagementNodeApp\node_modules\mongodb\lib\cmap\message_stream.js:108:16)
    at MessageStream._write (D:\Collabera_training\JayantSahu_Capstone\collaberaCapstone_Jayant\clinicManagementNodeApp\node_modules\mongodb\lib\cmap\message_stream.js:28:9)
    at writeOrBuffer (node:internal/streams/writable:389:12)
    at _write (node:internal/streams/writable:330:10)
    at MessageStream.Writable.write (node:internal/streams/writable:334:10) 
2022-02-23 15:35:13.987 INFO  obtain request for searching a doctor by its speciality Paediatrician 
2022-02-23 15:35:18.914 INFO  obtain request for searching a doctor by its speciality Orthodontist 
2022-02-23 15:35:38.360 INFO  searched for all the doctors 
2022-02-23 15:38:51.708 INFO  obtain request for searching a doctor by its speciality Gastroentrologist 
2022-02-23 15:38:54.760 INFO  obtain request for searching a doctor by its speciality Orthodontist 
2022-02-23 15:40:26.991 INFO  obtain request for adding a doctor admin 
2022-02-23 15:40:26.995 ERROR E11000 duplicate key error collection: clinicdb.doctors index: doctorNumber_1 dup key: { doctorNumber: 525 }
{"index":0,"code":11000,"keyPattern":{"doctorNumber":1},"keyValue":{"doctorNumber":525}}
MongoServerError: E11000 duplicate key error collection: clinicdb.doctors index: doctorNumber_1 dup key: { doctorNumber: 525 }
    at D:\Collabera_training\JayantSahu_Capstone\collaberaCapstone_Jayant\clinicManagementNodeApp\node_modules\mongodb\lib\operations\insert.js:51:33
    at D:\Collabera_training\JayantSahu_Capstone\collaberaCapstone_Jayant\clinicManagementNodeApp\node_modules\mongodb\lib\cmap\connection_pool.js:273:25
    at handleOperationResult (D:\Collabera_training\JayantSahu_Capstone\collaberaCapstone_Jayant\clinicManagementNodeApp\node_modules\mongodb\lib\sdam\server.js:363:9)
    at MessageStream.messageHandler (D:\Collabera_training\JayantSahu_Capstone\collaberaCapstone_Jayant\clinicManagementNodeApp\node_modules\mongodb\lib\cmap\connection.js:474:9)
    at MessageStream.emit (node:events:390:28)
    at processIncomingData (D:\Collabera_training\JayantSahu_Capstone\collaberaCapstone_Jayant\clinicManagementNodeApp\node_modules\mongodb\lib\cmap\message_stream.js:108:16)
    at MessageStream._write (D:\Collabera_training\JayantSahu_Capstone\collaberaCapstone_Jayant\clinicManagementNodeApp\node_modules\mongodb\lib\cmap\message_stream.js:28:9)
    at writeOrBuffer (node:internal/streams/writable:389:12)
    at _write (node:internal/streams/writable:330:10)
    at MessageStream.Writable.write (node:internal/streams/writable:334:10) 
2022-02-23 15:41:48.344 INFO  obtain request for searching a doctor by its speciality Dietician 
2022-02-23 15:41:52.199 INFO  obtain request for searching a doctor by its speciality Orthodontist 
2022-02-24 14:48:57.992 INFO  connected to the mongodb 
2022-02-24 14:49:01.025 INFO  obtain request for searching a doctor by its speciality Dietician 
2022-02-24 14:49:42.923 INFO  connected to the mongodb 
2022-02-24 14:49:58.418 INFO  obtain request for searching a doctor by its speciality Paediatrician 
2022-02-24 16:12:48.533 INFO  connected to the mongodb 
2022-02-24 16:14:51.124 INFO  obtain request for deleting a doctor by its ID 6214c864050c211bfd405e 
2022-02-24 16:14:51.133 ERROR Cast to ObjectId failed for value "6214c864050c211bfd405e" (type string) at path "_id" for model "Doctor"
{"stringValue":"\"6214c864050c211bfd405e\"","valueType":"string","kind":"ObjectId","value":"6214c864050c211bfd405e","path":"_id","reason":{},"name":"CastError","message":"Cast to ObjectId failed for value \"6214c864050c211bfd405e\" (type string) at path \"_id\" for model \"Doctor\""}
CastError: Cast to ObjectId failed for value "6214c864050c211bfd405e" (type string) at path "_id" for model "Doctor"
    at model.Query.exec (D:\Collabera_training\JayantSahu_Capstone\collaberaCapstone_Jayant\clinicManagementNodeApp\node_modules\mongoose\lib\query.js:4650:21)
    at model.Query.Query.then (D:\Collabera_training\JayantSahu_Capstone\collaberaCapstone_Jayant\clinicManagementNodeApp\node_modules\mongoose\lib\query.js:4749:15)
    at file:///D:/Collabera_training/JayantSahu_Capstone/collaberaCapstone_Jayant/clinicManagementNodeApp/src/routes/app.js:108:44
    at Layer.handle [as handle_request] (D:\Collabera_training\JayantSahu_Capstone\collaberaCapstone_Jayant\clinicManagementNodeApp\node_modules\express\lib\router\layer.js:95:5)
    at next (D:\Collabera_training\JayantSahu_Capstone\collaberaCapstone_Jayant\clinicManagementNodeApp\node_modules\express\lib\router\route.js:137:13)
    at Route.dispatch (D:\Collabera_training\JayantSahu_Capstone\collaberaCapstone_Jayant\clinicManagementNodeApp\node_modules\express\lib\router\route.js:112:3)
    at Layer.handle [as handle_request] (D:\Collabera_training\JayantSahu_Capstone\collaberaCapstone_Jayant\clinicManagementNodeApp\node_modules\express\lib\router\layer.js:95:5)
    at D:\Collabera_training\JayantSahu_Capstone\collaberaCapstone_Jayant\clinicManagementNodeApp\node_modules\express\lib\router\index.js:281:22
    at param (D:\Collabera_training\JayantSahu_Capstone\collaberaCapstone_Jayant\clinicManagementNodeApp\node_modules\express\lib\router\index.js:360:14)
    at param (D:\Collabera_training\JayantSahu_Capstone\collaberaCapstone_Jayant\clinicManagementNodeApp\node_modules\express\lib\router\index.js:371:14) 
2022-02-24 16:15:11.406 INFO  obtain request for deleting a doctor by its ID 6214c864050c211bfd4 
2022-02-24 16:15:11.411 ERROR Cast to ObjectId failed for value "6214c864050c211bfd4" (type string) at path "_id" for model "Doctor"
{"stringValue":"\"6214c864050c211bfd4\"","valueType":"string","kind":"ObjectId","value":"6214c864050c211bfd4","path":"_id","reason":{},"name":"CastError","message":"Cast to ObjectId failed for value \"6214c864050c211bfd4\" (type string) at path \"_id\" for model \"Doctor\""}
CastError: Cast to ObjectId failed for value "6214c864050c211bfd4" (type string) at path "_id" for model "Doctor"
    at model.Query.exec (D:\Collabera_training\JayantSahu_Capstone\collaberaCapstone_Jayant\clinicManagementNodeApp\node_modules\mongoose\lib\query.js:4650:21)
    at model.Query.Query.then (D:\Collabera_training\JayantSahu_Capstone\collaberaCapstone_Jayant\clinicManagementNodeApp\node_modules\mongoose\lib\query.js:4749:15)
    at file:///D:/Collabera_training/JayantSahu_Capstone/collaberaCapstone_Jayant/clinicManagementNodeApp/src/routes/app.js:108:44
    at Layer.handle [as handle_request] (D:\Collabera_training\JayantSahu_Capstone\collaberaCapstone_Jayant\clinicManagementNodeApp\node_modules\express\lib\router\layer.js:95:5)
    at next (D:\Collabera_training\JayantSahu_Capstone\collaberaCapstone_Jayant\clinicManagementNodeApp\node_modules\express\lib\router\route.js:137:13)
    at Route.dispatch (D:\Collabera_training\JayantSahu_Capstone\collaberaCapstone_Jayant\clinicManagementNodeApp\node_modules\express\lib\router\route.js:112:3)
    at Layer.handle [as handle_request] (D:\Collabera_training\JayantSahu_Capstone\collaberaCapstone_Jayant\clinicManagementNodeApp\node_modules\express\lib\router\layer.js:95:5)
    at D:\Collabera_training\JayantSahu_Capstone\collaberaCapstone_Jayant\clinicManagementNodeApp\node_modules\express\lib\router\index.js:281:22
    at param (D:\Collabera_training\JayantSahu_Capstone\collaberaCapstone_Jayant\clinicManagementNodeApp\node_modules\express\lib\router\index.js:360:14)
    at param (D:\Collabera_training\JayantSahu_Capstone\collaberaCapstone_Jayant\clinicManagementNodeApp\node_modules\express\lib\router\index.js:371:14) 
2022-02-24 16:15:19.086 INFO  obtain request for deleting a doctor by its ID 6214c864050c211bfd4 
2022-02-24 16:15:19.096 ERROR Cast to ObjectId failed for value "6214c864050c211bfd4" (type string) at path "_id" for model "Doctor"
{"stringValue":"\"6214c864050c211bfd4\"","valueType":"string","kind":"ObjectId","value":"6214c864050c211bfd4","path":"_id","reason":{},"name":"CastError","message":"Cast to ObjectId failed for value \"6214c864050c211bfd4\" (type string) at path \"_id\" for model \"Doctor\""}
CastError: Cast to ObjectId failed for value "6214c864050c211bfd4" (type string) at path "_id" for model "Doctor"
    at model.Query.exec (D:\Collabera_training\JayantSahu_Capstone\collaberaCapstone_Jayant\clinicManagementNodeApp\node_modules\mongoose\lib\query.js:4650:21)
    at model.Query.Query.then (D:\Collabera_training\JayantSahu_Capstone\collaberaCapstone_Jayant\clinicManagementNodeApp\node_modules\mongoose\lib\query.js:4749:15)
    at file:///D:/Collabera_training/JayantSahu_Capstone/collaberaCapstone_Jayant/clinicManagementNodeApp/src/routes/app.js:108:44
    at Layer.handle [as handle_request] (D:\Collabera_training\JayantSahu_Capstone\collaberaCapstone_Jayant\clinicManagementNodeApp\node_modules\express\lib\router\layer.js:95:5)
    at next (D:\Collabera_training\JayantSahu_Capstone\collaberaCapstone_Jayant\clinicManagementNodeApp\node_modules\express\lib\router\route.js:137:13)
    at Route.dispatch (D:\Collabera_training\JayantSahu_Capstone\collaberaCapstone_Jayant\clinicManagementNodeApp\node_modules\express\lib\router\route.js:112:3)
    at Layer.handle [as handle_request] (D:\Collabera_training\JayantSahu_Capstone\collaberaCapstone_Jayant\clinicManagementNodeApp\node_modules\express\lib\router\layer.js:95:5)
    at D:\Collabera_training\JayantSahu_Capstone\collaberaCapstone_Jayant\clinicManagementNodeApp\node_modules\express\lib\router\index.js:281:22
    at param (D:\Collabera_training\JayantSahu_Capstone\collaberaCapstone_Jayant\clinicManagementNodeApp\node_modules\express\lib\router\index.js:360:14)
    at param (D:\Collabera_training\JayantSahu_Capstone\collaberaCapstone_Jayant\clinicManagementNodeApp\node_modules\express\lib\router\index.js:371:14) 
2022-02-24 16:15:54.742 INFO  searched for all the doctors 
2022-02-24 16:17:00.730 INFO  obtain request for deleting a doctor by its ID 620f24300942becf17b7c687 
2022-02-24 16:17:00.747 INFO  no such doctor with620f24300942becf17b7c687 
2022-02-24 16:17:00.751 INFO  one doctor deleted 
2022-02-24 16:17:00.752 ERROR Cannot set headers after they are sent to the client
{"code":"ERR_HTTP_HEADERS_SENT"}
Error [ERR_HTTP_HEADERS_SENT]: Cannot set headers after they are sent to the client
    at new NodeError (node:internal/errors:371:5)
    at ServerResponse.setHeader (node:_http_outgoing:576:11)
    at ServerResponse.header (D:\Collabera_training\JayantSahu_Capstone\collaberaCapstone_Jayant\clinicManagementNodeApp\node_modules\express\lib\response.js:776:10)
    at ServerResponse.send (D:\Collabera_training\JayantSahu_Capstone\collaberaCapstone_Jayant\clinicManagementNodeApp\node_modules\express\lib\response.js:170:12)
    at ServerResponse.json (D:\Collabera_training\JayantSahu_Capstone\collaberaCapstone_Jayant\clinicManagementNodeApp\node_modules\express\lib\response.js:267:15)
    at ServerResponse.send (D:\Collabera_training\JayantSahu_Capstone\collaberaCapstone_Jayant\clinicManagementNodeApp\node_modules\express\lib\response.js:158:21)
    at file:///D:/Collabera_training/JayantSahu_Capstone/collaberaCapstone_Jayant/clinicManagementNodeApp/src/routes/app.js:114:21
    at processTicksAndRejections (node:internal/process/task_queues:96:5) 
2022-02-24 16:17:12.667 INFO  searched for all the doctors 
2022-02-24 16:17:26.337 INFO  connected to the mongodb 
2022-02-24 21:36:00.476 INFO  connected to the mongodb 
2022-02-24 21:37:30.399 INFO  obtain request for adding a doctor Sanjeeb Sahu 
2022-02-24 21:37:30.441 INFO  a new doctor is added to the database with ID 6217ad424e68aae931fca9fb 
2022-02-24 21:37:57.612 INFO  obtain request for searching a doctor by its speciality Dietician 
2022-02-24 21:38:03.383 INFO  obtain request for deleting a doctor 654 
2022-02-24 21:38:03.420 INFO  one doctor deleted 
2022-02-24 21:38:03.421 INFO  doctor deleted by its name 
2022-02-24 21:38:14.605 INFO  obtain request for searching a doctor by its speciality Dietician 
2022-02-24 22:00:54.426 INFO  obtain request for searching a doctor by its speciality Dietician 
2022-02-24 22:00:56.056 INFO  obtain request for searching a doctor by its speciality Dietician 
2022-02-24 22:00:59.047 INFO  obtain request for searching a doctor by its speciality Cardiologist 
2022-02-24 22:01:07.068 INFO  obtain request for searching a doctor by its speciality Gastroentrologist 
2022-02-24 22:01:11.505 INFO  obtain request for searching a doctor by its speciality Diabetologist 
2022-02-25 08:57:41.826 INFO  connected to the mongodb 
2022-02-25 10:57:06.837 INFO  obtain request for searching a doctor by its speciality Dietician 
2022-02-25 10:57:14.526 INFO  obtain request for searching a doctor by its speciality Gastroentrologist 
2022-02-25 10:57:26.693 INFO  obtain request for deleting a doctor by its ID [object Object] 
2022-02-25 10:57:26.796 INFO  doctor info is updated 
2022-02-25 10:57:26.797 INFO  one doctor info is updated to the database with ID 6213803f9d81b90b60a45a55 
2022-02-25 10:57:55.672 INFO  obtain request for searching a doctor by its speciality Gastroentrologist 
2022-02-25 10:58:02.579 INFO  obtain request for deleting a doctor 555 
2022-02-25 10:58:02.750 INFO  one doctor deleted 
2022-02-25 10:58:02.751 INFO  doctor deleted by its name 
2022-02-25 10:58:07.961 INFO  obtain request for searching a doctor by its speciality Gastroentrologist 
2022-02-25 10:58:29.356 INFO  obtain request for adding a doctor Ashok 
2022-02-25 10:58:29.680 INFO  a new doctor is added to the database with ID 621868fd5985ff784147a1f0 
2022-02-25 10:58:43.465 INFO  obtain request for searching a doctor by its speciality Gastroentrologist 
2022-02-25 11:01:06.415 INFO  connected to the mongodb 
2022-02-25 11:09:47.994 INFO  connected to the mongodb 
2022-02-25 11:09:51.294 INFO  connected to the mongodb 
2022-02-25 11:09:54.716 INFO  connected to the mongodb 
2022-02-25 11:09:56.006 INFO  connected to the mongodb 
2022-02-25 11:10:08.322 INFO  connected to the mongodb 
2022-02-25 11:10:15.350 INFO  connected to the mongodb 
2022-02-25 11:10:24.299 INFO  connected to the mongodb 
2022-02-25 11:10:36.616 INFO  connected to the mongodb 
2022-02-25 11:10:47.871 INFO  connected to the mongodb 
2022-02-25 11:11:51.594 INFO  connected to the mongodb 
2022-02-25 11:12:10.874 INFO  connected to the mongodb 
2022-02-25 11:12:15.059 INFO  connected to the mongodb 
2022-02-25 11:12:21.836 INFO  connected to the mongodb 
2022-02-25 11:12:31.289 INFO  connected to the mongodb 
